-------------------------------------------------------------------------------
Test set: test.com.GoogleSearchTest
-------------------------------------------------------------------------------
Tests run: 1, Failures: 1, Errors: 0, Skipped: 0, Time elapsed: 14.459 sec <<< FAILURE!
testGoogleSearch(test.com.GoogleSearchTest)  Time elapsed: 11.311 sec  <<< FAILURE!
org.openqa.selenium.NoSuchElementException: Unable to find element with locator By.xpath: //div[@id='rso']/div[2]/div/div/div/div/div/div/a/h3
For documentation on this error, please visit: https://www.selenium.dev/documentation/webdriver/troubleshooting/errors#no-such-element-exception
Build info: version: '4.11.0', revision: '040bc5406b'
System info: os.name: 'Windows 11', os.arch: 'amd64', os.version: '10.0', java.version: '17.0.2'
Driver info: driver.version: RemoteWebDriver
	at org.openqa.selenium.remote.ElementLocation$ElementFinder$2.findElement(ElementLocation.java:168)
	at org.openqa.selenium.remote.ElementLocation.findElement(ElementLocation.java:59)
	at org.openqa.selenium.remote.RemoteWebDriver.findElement(RemoteWebDriver.java:355)
	at org.openqa.selenium.remote.RemoteWebDriver.findElement(RemoteWebDriver.java:349)
	at test.com.GoogleSearchTest.testGoogleSearch(GoogleSearchTest.java:40)

